<?xml version="1.0" encoding="UTF-8"?>
<!-- Generated by org.testng.reporters.JUnitXMLReporter -->
<testsuite hostname="vt-marinellid" ignored="0" name="TestNGFansEdge_Framework" tests="4" failures="0" timestamp="2020-09-16T17:23:50 CEST" time="87.432" errors="0">
  <testcase name="getAllCollegeTeamsDisplayed" time="23.517" classname="tests.FansEdgeTest"/>
  <testcase name="getBillsCapsDisplayed" time="15.882" classname="tests.FansEdgeTest"/>
  <testcase name="getTigerWoodsItems" time="9.883" classname="tests.FansEdgeTest"/>
  <testcase name="verifyWrongCredentials" time="7.156" classname="tests.FansEdgeTest"/>
</testsuite> <!-- TestNGFansEdge_Framework -->
